<?xml version="1.0" encoding="UTF-8"?>
<!-- Generated by org.testng.reporters.JUnitReportReporter -->
<testsuite hostname="WS5220" name="samAppPackage.LaunchApp" tests="1" failures="0" timestamp="2 Feb 2018 13:39:12 GMT" time="11.640" errors="0">
  <testcase name="RegPage" time="11.640" classname="samAppPackage.LaunchApp"/>
</testsuite> <!-- samAppPackage.LaunchApp -->
